Case #1:
10000000000000000000000000000011 83 7 3 11 23 3 569 173 3
10000000000000000000000000000101 7 13 3 31 43 3 73 7 3
10000000000000000000000000010001 5 67 3 43 4423 3 6197 127 3
10000000000000000000000000011101 31 5 11 11 5 419 5 11 41
10000000000000000000000000100001 7 13 3 31 41 3 73 7 3
10000000000000000000000000101011 3 163 19 3 5 151 3 149 1723
10000000000000000000000000111001 5 317 47 23 5 5 83 523 23
10000000000000000000000001000111 709 17 13 293 5 263 2663 137 67
10000000000000000000000001001011 7 7 11 223 5 103 113 7 7
10000000000000000000000001101111 19 7 67 41 733 13 7 71 7
10000000000000000000000001110111 11 1093 11 7 53 29 7 547 239
10000000000000000000000010010011 5 7 887 53 5 5 239 71 7
10000000000000000000000010010101 19 5 223 19 5 11 5 17 7417
10000000000000000000000010011001 31 11 7 11 5 37 31 11 41
10000000000000000000000010100011 3 1429 463 3 5 41 3 541 17
10000000000000000000000010110001 5 23 607 269 5 5 41 43 19
10000000000000000000000010110111 2207 7 7 83 67 241 7 11 7
10000000000000000000000011100001 19 1433 149 17 5 7883 947 17 13
10000000000000000000000011101101 5 7 5861 11 5483 5 7 23 7
10000000000000000000000100000001 5 13 3 31 11 3 17 7 3
10000000000000000000000100010011 13 47 163 131 5 13 37 647 47
10000000000000000000000100010101 3 11 11 3 5 5 3 11 41
10000000000000000000000100101001 5 239 2711 131 5 5 199 113 359
10000000000000000000000101110101 3 19 43 3 89 13 3 167 239
10000000000000000000000101111111 7 13 3 31 43 3 43 7 3
10000000000000000000000110010001 31 11 11 11 5 2801 13 11 41
10000000000000000000000110100001 5 7 19 1783 5 5 4517 29 7
10000000000000000000000111000001 11 5 13 43 5 29 5 23 19
10000000000000000000000111000111 977 11 29 421 11 131 7 337 17
10000000000000000000000111010011 5 19 13 61 41 5 7 7 2069
10000000000000000000000111011111 1051 5 3 17 1237 3 5 83 3
10000000000000000000000111101111 7 13 3 19 19 3 17 7 3
10000000000000000000000111111101 7 5 3 31 43 3 5 7 3
10000000000000000000001000001101 31 11 11 11 5 17 31 11 41
10000000000000000000001000100011 3 31 1097 3 5 5 3 53 31
10000000000000000000001000101001 3 7 13 3 5 23 3 37 7
10000000000000000000001000111011 3 5 13 3 31 43 3 11 7
10000000000000000000001001000011 7 7 227 809 5 89 43 7 7
10000000000000000000001001011101 19 17 7 29 11 8353 7 6569 31
10000000000000000000001001110011 5 1093 43 19 467 5 7 547 239
10000000000000000000001010000101 89 41 463 7 5 31 29 37 1033
10000000000000000000001010001001 3 5 11 3 5 13 3 7 41
10000000000000000000001010100111 3 41 149 3 59 11 3 11 23
10000000000000000000001010111001 3 7 13 3 13 5 3 73 7
10000000000000000000001011000111 31 263 2269 199 137 349 7 29 71
10000000000000000000001011010011 43 7 107 1097 103 4561 7 13 7
10000000000000000000001011111011 3 11 3 3 2521 3 3 83 3
10000000000000000000001100000101 17 7 11 11 5 23 31 11 7
10000000000000000000001100011011 13 73 11 53 13 13 7 6481 313
10000000000000000000001100111111 7 5 3 31 43 3 5 7 3
10000000000000000000001101010101 3 127 7901 3 433 31 3 587 199
10000000000000000000001101011111 41 7 3 29 59 3 17 37 3
10000000000000000000001101100011 5 7 103 151 503 5 7 17 7
10000000000000000000001101110111 5 11 3 31 23 3 11 7 3
10000000000000000000001110000001 5 11 11 7 5 5 31 11 41
10000000000000000000001110101111 3 13 3 3 43 3 3 7 3
10000000000000000000001110110111 13 5 3 7 601 3 5 4051 3
10000000000000000000001110111101 5 13 3 23 13 3 73 7 3
10000000000000000000001111100111 7 13 3 31 17 3 73 7 3
10000000000000000000001111110101 7 13 3 31 43 3 73 7 3
10000000000000000000001111111001 5 19 3 47 383 3 3319 1201 3
10000000000000000000010000000001 71 59 3 17 191 3 1789 11 3
10000000000000000000010000010101 3 7 13 3 5 43 3 73 7
10000000000000000000010000110111 17 11 7 79 13 79 7 317 23
10000000000000000000010001010001 3 71 7 3 5 257 3 4943 257
10000000000000000000010001011101 3 7 13 3 31 5 3 73 7
10000000000000000000010001110011 7 7 47 17 139 11 7 7 7
10000000000000000000010010011011 89 5 227 17 677 17 5 317 61
10000000000000000000010010101101 5 167 3257 563 13 5 7 71 1399
10000000000000000000010010111111 17 2543 3 5197 283 3 37 1627 3
10000000000000000000010100001111 47 7 11 211 13 3037 7 149 7
10000000000000000000010100010001 3 7 13 3 5 5 3 73 7
10000000000000000000010100110101 3 7 13 3 31 37 3 73 7
10000000000000000000010101000001 3 131 67 3 5 11 3 59 5441
10000000000000000000010101000111 3 967 157 3 17 71 3 1549 151
10000000000000000000010101001101 3 1789 11 3 373 5 3 89 4759
10000000000000000000010101010101 19 17 5 19 1033 59 7 5 9043
10000000000000000000010101011001 3 5 13 3 11 43 3 19 7
10000000000000000000010101100011 239 29 53 7 11 17 7 11 163
10000000000000000000010101101111 7 13 3 17 43 3 73 7 3
10000000000000000000010101111101 3 7 3 3 17 3 3 7 3
10000000000000000000010110001011 7 5 11 7 11 11 5 7 29
10000000000000000000010110010101 3 5 7 3 19 13 3 317 953
10000000000000000000010110100011 23 7 7 19 4099 73 7 263 7
10000000000000000000010110111101 317 5 3 73 71 3 5 223 3
10000000000000000000010111101101 5 13 3 19 19 3 73 7 3
10000000000000000000011000000011 1789 53 7 17 5 13 3701 17 3833
10000000000000000000011000001001 7 19 229 251 5 409 29 7 83
10000000000000000000011000101011 3 7 13 3 11 29 3 73 7
10000000000000000000011001010101 3 7 13 3 31 43 3 73 7
10000000000000000000011001011111 19 11 3 47 19 3 23 23 3
10000000000000000000011001100101 5 11 853 41 29 5 7 23 359
10000000000000000000011001101001 31 43 7 17 13 11 7 1667 17
10000000000000000000011010000111 7 3137 41 7 719 4679 7 7 499
10000000000000000000011010001011 3 1193 61 3 271 1051 3 13 17
10000000000000000000011010010011 41 431 79 11 11 11 7 5821 233
10000000000000000000011010101001 3 7 13 3 31 43 3 73 7
10000000000000000000011010101111 3 29 3 3 11 3 3 373 3
10000000000000000000011010111011 3 7 3 3 31 3 3 71 3
10000000000000000000011011001111 163 5 3 7 1693 3 5 17 3
10000000000000000000011011100111 5 7 3 11 523 3 1867 157 3
10000000000000000000011100001101 367 389 157 7 353 11 7 359 61
10000000000000000000011100101111 7 13 3 11 43 3 11 7 3
10000000000000000000011100111101 7 11 3 31 43 3 73 7 3
10000000000000000000011101000101 3 37 293 3 11 5801 3 43 461
10000000000000000000011101001001 37 11 7 53 2221 13 7 421 1907
10000000000000000000011101010001 3 7 13 3 31 11 3 11 7
10000000000000000000011101010111 3 11 3 3 1021 3 3 17 3
10000000000000000000011101100111 7 5 3 31 29 3 5 7 3
10000000000000000000011101110101 3 7 3 3 31 3 3 7 3
10000000000000000000011110011101 23 5 3 7 433 3 5 607 3
10000000000000000000011110101101 7 13 3 31 43 3 73 7 3
10000000000000000000011110110101 19 29 3 19 11 3 29 11 3
10000000000000000000011111011111 61 7 7 137 83 31 83 17 7
10000000000000000000011111100101 7 13 3 31 43 3 71 7 3
10000000000000000000011111101111 17 11 1129 7 13 487 263 47 19
10000000000000000000100000000001 7 5 3 11 43 3 5 7 3
10000000000000000000100000010101 13 5 673 773 5 251 5 1907 23
10000000000000000000100000101001 3 5 61 3 5 17 3 863 3079
10000000000000000000100001000011 223 89 71 41 5 113 83 1423 13
10000000000000000000100001001001 11 73 11 353 5 13 37 23 9901
10000000000000000000100001001111 5 7 73 127 47 5 7 11 7
10000000000000000000100001010001 6079 5 107 17 5 11 5 11 7
10000000000000000000100001100001 6563 11 13 1789 5 73 89 1061 1231
10000000000000000000100001100111 127 1093 43 23 71 23 7 547 13
10000000000000000000100001111111 7 13 3 31 43 3 73 7 3
10000000000000000000100010001111 3 11 181 3 607 1097 3 79 197
10000000000000000000100011001011 3 43 97 3 13 13 3 11 19
10000000000000000000100011101111 3 13 3 3 43 3 3 7 3
10000000000000000000100011111011 3 5 3 3 7321 3 3 113 3
10000000000000000000100011111101 7 13 3 31 11 3 73 7 3
10000000000000000000100100000011 5 7 11 769 5 5 23 19 7
10000000000000000000100100000101 37 5 89 569 5 17 5 241 1289
10000000000000000000100100101011 3 19 379 3 211 5 3 17 97
10000000000000000000100100110011 13 17 241 601 13 11 7 3671 23
10000000000000000000100101001011 727 5 8123 83 17 89 5 307 7
10000000000000000000100101001101 13 73 241 17 13 13 7 17 2053
10000000000000000000100101011111 7 5 3 31 29 3 5 7 3
10000000000000000000100101100101 17 353 7 7 1129 29 7 179 239
10000000000000000000100101101111 109 7 3 11 3607 3 29 17 3
10000000000000000000100101111011 5 13 3 31 43 3 59 7 3
10000000000000000000100110100101 7 5 6199 11 137 13 5 7 7
10000000000000000000100110101111 3 5 3 3 23 3 3 29 3
10000000000000000000100110111011 3 577 3 3 17 3 3 11 3
10000000000000000000100111000101 23 11 13 19 11 881 7 47 19
10000000000000000000100111001111 7 13 3 23 13 3 37 7 3
10000000000000000000100111011101 7 13 3 31 43 3 73 7 3
10000000000000000000100111101011 3 5 3 3 19 3 3 7 3
10000000000000000000100111111001 7 13 3 13 43 3 73 7 3
10000000000000000000101000001001 3 5 13 3 5 43 3 73 7
10000000000000000000101000011011 3 7 13 3 31 5 3 73 7
10000000000000000000101000011101 13 5 59 911 263 11 5 47 43
10000000000000000000101000101101 3 7 13 3 31 43 3 73 7
10000000000000000000101000110011 3 5 19 3 19 31 3 1567 131
10000000000000000000101000111111 3 7 3 3 17 3 3 7 3
10000000000000000000101001000111 29 7 1759 11 13 83 7 19 7
10000000000000000000101001101111 3 47 3 3 173 3 3 5791 3
10000000000000000000101001110111 7 13 3 31 43 3 73 7 3
10000000000000000000101010000111 3 17 37 3 397 1453 3 17 19
10000000000000000000101010011001 3 7 13 3 31 29 3 73 7
10000000000000000000101010101111 7 13 3 29 43 3 73 5 3
10000000000000000000101010111011 5 11 3 2011 11 3 29 5 3
10000000000000000000101010111101 3 5 3 3 23 3 3 7 3
10000000000000000000101011001111 3 163 3 3 11 3 3 113 3
10000000000000000000101011100111 3 13 3 3 43 3 3 7 3
10000000000000000000101011101101 3 3709 3 3 53 3 3 127 3
10000000000000000000101011110101 7 13 3 31 43 3 73 7 3
10000000000000000000101011111001 3 5 3 3 61 3 3 19 3
10000000000000000000101100010101 5 47 19 17 211 5 7 107 2341
10000000000000000000101100011111 5 13 3 31 11 3 73 7 3
10000000000000000000101100101001 3 7 13 3 31 5 3 17 7
10000000000000000000101100110111 71 5 3 23 59 3 5 223 3
10000000000000000000101100111011 3 7 3 3 13 3 3 7 3
10000000000000000000101101001001 7 5 89 11 19 661 5 7 821
10000000000000000000101101010111 7 13 3 31 43 3 17 7 3
10000000000000000000101101100001 11 389 43 467 17 29 7 19 239
10000000000000000000101101110011 7 5 3 11 43 3 5 7 3
10000000000000000000101110001111 3 5 3 3 43 3 3 7 3
10000000000000000000101110010111 5 7873 3 7 83 3 8521 17 3
10000000000000000000101110011101 7 13 3 13 17 3 73 7 3
10000000000000000000101110100111 3 181 3 3 13 3 3 163 3
10000000000000000000101110101011 5 13 3 31 43 3 11 5 3
10000000000000000000101110101101 3 5 3 3 139 3 3 107 3
10000000000000000000101110110011 3 11 3 3 7829 3 3 23 3
10000000000000000000101110111001 3 7 3 3 31 3 3 7 3
10000000000000000000101111000001 1021 5 883 41 83 211 5 17 7
10000000000000000000101111000111 7 13 3 31 43 3 67 7 3
10000000000000000000101111010011 5 7 3 709 17 3 53 61 3
10000000000000000000101111010101 7 5 3 11 11 3 5 7 3
10000000000000000000101111100011 3 13 3 3 43 3 3 7 3
10000000000000000000101111110001 5 11 3 31 43 3 73 7 3
10000000000000000000110000001111 5 29 19 1801 281 5 7 17 853
10000000000000000000110000010001 11 5 59 41 5 131 5 1637 43
10000000000000000000110001000001 5 7 23 4877 5 5 79 2579 7
10000000000000000000110001011001 13 73 19 149 13 13 7 313 47
10000000000000000000110001101111 7 5 3 31 43 3 5 7 3
10000000000000000000110001110111 23 7 3 37 17 3 3889 103 3
10000000000000000000110001111101 5 13 3 31 43 3 23 7 3
10000000000000000000110010101111 3 31 3 3 449 3 3 1699 3
10000000000000000000110011000011 5 17 67 19 11 5 7 7 13
10000000000000000000110011011011 13 31 3 601 13 3 37 29 3
10000000000000000000110011100111 19 5 3 1129 19 3 5 71 3
10000000000000000000110011101011 3 19 3 3 353 3 3 263 3
10000000000000000000110011101101 7 13 3 17 43 3 13 7 3
10000000000000000000110100010101 3 5 13 3 31 11 3 53 7
10000000000000000000110100111101 43 5 3 11 241 3 5 5279 3
10000000000000000000110101001111 5 11 3 11 17 3 41 7 3
10000000000000000000110101011101 3 7 3 3 13 3 3 7 3
10000000000000000000110101101011 7 13 3 31 23 3 73 7 3
10000000000000000000110101110101 3 43 3 3 113 3 3 19 3
10000000000000000000110101111001 7 5 3 31 43 3 5 7 3
10000000000000000000110110011101 11 1699 3 23 877 3 11 47 3
10000000000000000000110111001101 7 13 3 31 43 3 31 7 3
10000000000000000000110111011111 11 73 29 19 13 13 11 6481 67
10000000000000000000110111101001 7 13 3 19 19 3 11 7 3
10000000000000000000111000000001 173 23 41 223 5 4817 23 29 61
10000000000000000000111000001011 3 7 13 3 31 11 3 19 7
10000000000000000000111000001101 5 19 3571 9833 83 5 7 17 601
10000000000000000000111000101111 3 7 3 3 31 3 3 7 3
10000000000000000000111000110111 11 47 3 701 11 3 17 11 3
10000000000000000000111000111011 3 5347 3 3 487 3 3 37 3
10000000000000000000111000111101 7 13 3 31 43 3 73 7 3
10000000000000000000111001011011 29 43 3 11 19 3 43 163 3
10000000000000000000111001011101 5 11 3 937 139 3 29 109 3
10000000000000000000111001100111 5 13 3 19 43 3 11 7 3
10000000000000000000111001110101 7 13 3 31 29 3 73 7 3
10000000000000000000111001111001 11 7 3 179 23 3 569 457 3
10000000000000000000111010000101 5 103 41 47 17 5 7 11 71
10000000000000000000111010001001 3 7 13 3 31 23 3 73 7
10000000000000000000111010010001 7 5 751 11 11 11 5 7 17
10000000000000000000111010011011 3 5 3 3 31 3 3 43 3
10000000000000000000111010101101 3 7 3 3 11 3 3 7 3
10000000000000000000111010110011 3 17 3 3 13 3 3 11 3
10000000000000000000111010110101 17 373 3 17 109 3 31 569 3
10000000000000000000111010111001 3 5 3 3 59 3 3 641 3
10000000000000000000111010111111 3 7 13 3 31 43 3 47 7
10000000000000000000111011011111 5 23 7 1531 61 5 31 29 19
10000000000000000000111011100101 7 5 3 11 43 3 5 7 3
10000000000000000000111011101111 3 5 37 3 11 59 3 11 359
10000000000000000000111100001111 7 13 3 31 43 3 73 7 3
10000000000000000000111100011101 7 5 3 31 43 3 5 7 3
10000000000000000000111100101011 3 7 3 3 31 3 3 7 3
10000000000000000000111100111001 5 13 3 31 43 3 73 7 3
10000000000000000000111101000111 7 13 3 31 43 3 73 7 3
10000000000000000000111101001011 13 2239 3 19 547 3 3733 149 3
10000000000000000000111101001101 5 29 3 83 757 3 977 11 3
10000000000000000000111101010101 3 7 3 3 31 3 3 7 3
10000000000000000000111101100011 7 13 3 31 43 3 73 7 3
10000000000000000000111101101001 3767 19 3 47 1279 3 733 17 3
10000000000000000000111101110001 7 13 3 17 11 3 41 7 3
10000000000000000000111110001011 3 5 3 3 13 3 3 11 3
10000000000000000000111110001101 7 13 3 31 43 3 73 7 3
10000000000000000000111110100011 3 103 3 3 11 3 3 59 3
10000000000000000000111110101001 3 5 3 3 31 3 3 7 3
10000000000000000000111110111011 3 7 11 3 19 5 3 73 7
10000000000000000000111111000011 11 7 3 311 79 3 137 7411 3
10000000000000000000111111000101 5 13 3 31 43 3 11 7 3
10000000000000000000111111100001 7 13 3 23 13 3 17 7 3
10000000000000000001000000000001 5 71 3 7 17 3 5701 29 3
10000000000000000001000000011001 7 11 11 11 5 73 13 7 41
10000000000000000001000001000101 3 1153 193 3 5 11 3 1409 71
10000000000000000001000001010001 3 19 23 3 5 5 3 7 19
10000000000000000001000001010111 3 17 19 3 11 29 3 131 199
10000000000000000001000010000101 4679 5 13 47 5 691 5 11 353
10000000000000000001000010001111 5179 5 11 2671 17 11 5 113 43
10000000000000000001000011101001 19 5 7 11 547 71 5 71 13
10000000000000000001000100010001 3 11 11 3 5 167 3 11 41
10000000000000000001000100111111 7 13 3 31 43 3 73 7 3
10000000000000000001000101010011 3 73 29 3 13 13 3 19 29
10000000000000000001000101011111 3 773 3 3 11 3 3 149 3
10000000000000000001000101110111 3 5 3 3 43 3 3 7 3
10000000000000000001000110011111 101 107 3 53 13 3 13 4957 3
10000000000000000001000110101111 5 13 3 31 43 3 73 7 3
10000000000000000001000110111101 7 13 3 11 43 3 13 7 3
10000000000000000001000111000101 3 5 11 3 23 13 3 29 541
10000000000000000001000111100111 7 7 3 19 19 3 11 7 3
10000000000000000001000111101101 167 5 3 17 2099 3 5 367 3
10000000000000000001000111110011 19 199 3 491 2267 3 17 2777 3
10000000000000000001000111110101 3 11 3 3 13 3 3 7 3
10000000000000000001001000001001 5 11 11 11 5 5 31 11 41
10000000000000000001001000011101 5 263 7 17 23 5 7 293 2707
10000000000000000001001000101011 3 5 7 3 191 13 3 6569 569
10000000000000000001001000101101 7 19 79 743 4159 173 7 7 17
10000000000000000001001000111001 59 23 7 41 17 313 7 67 467
10000000000000000001001000111111 19 5 3 251 71 3 5 1667 3
10000000000000000001001001001011 17 7 103 29 1039 19 7 97 7
10000000000000000001001001011111 1187 19 3 11 83 3 11 17 3
10000000000000000001001001100011 5 883 7 37 11 5 7 109 13
10000000000000000001001010000001 5 7 359 17 5 5 61 7 7
10000000000000000001001010010011 23 7 23 137 1489 71 7 13 7
10000000000000000001001010101111 3 11 3 3 19 3 3 241 3
10000000000000000001001011011011 5 7 3 11 8501 3 17 283 3
10000000000000000001001011011101 929 5 3 67 11 3 5 11 3
10000000000000000001001011101011 3 269 3 3 179 3 3 673 3
10000000000000000001001011110011 13 5 3 17 59 3 5 1787 3
10000000000000000001001011110101 17 23 3 7 641 3 2297 19 3
10000000000000000001001011111111 7 7 11 6121 23 743 373 7 7
10000000000000000001001100000001 31 11 11 11 5 229 31 11 41
10000000000000000001001100110111 7 13 3 13 11 3 73 7 3
10000000000000000001001101000101 3 103 41 3 13 307 3 7 83
10000000000000000001001101010001 3 467 7 3 179 29 3 547 239
10000000000000000001001101011011 13 73 3 601 13 3 37 6481 3
10000000000000000001001101100001 7 5 149 7 571 11 5 7 109
10000000000000000001001101100111 5 37 3 23 1553 3 47 1117 3
10000000000000000001001101110101 3 5 3 3 23 3 3 107 3
10000000000000000001001110100001 11 7 1091 107 13 17 7 1429 7
10000000000000000001001110100111 7 5 3 31 43 3 5 7 3
10000000000000000001001110101011 3 577 3 3 373 3 3 379 3
10000000000000000001001110110101 7 13 3 17 41 3 11 7 3
10000000000000000001001111110111 13 5 11 181 17 193 5 23 709
10000000000000000001010000011101 3 5 13 3 31 43 3 73 7
10000000000000000001010000110011 7 5 29 97 647 13 5 7 7
10000000000000000001010001110111 3 947 3 3 11 3 3 1171 3
10000000000000000001010010011001 89 19 157 13 19 31 7 13 17
10000000000000000001010011000101 3 569 881 3 269 5 3 17 127
10000000000000000001010011010111 3 173 3 3 23 3 3 401 3
10000000000000000001010100011001 3 7 13 3 31 43 3 73 7
10000000000000000001010100101001 5 281 4271 619 13 5 7 11 9887
10000000000000000001010100101111 7 13 3 23 43 3 73 7 3
10000000000000000001010100111101 3 7 3 3 11 3 3 7 3
10000000000000000001010101000101 23 7 5 11 677 163 7 5 7
10000000000000000001010101001001 3 5 7 3 17 149 3 463 23
10000000000000000001010101100111 3 13 3 3 43 3 3 7 3
10000000000000000001010101110101 7 13 3 31 43 3 73 5 3
10000000000000000001010101111111 3 11 73 3 11 197 3 1009 17
10000000000000000001010110000011 5 41 13 11 17 5 7 7 379
10000000000000000001010110001001 181 11 163 13 157 13 7 97 31
10000000000000000001010110011011 11 1187 3 1451 29 3 11 569 3
10000000000000000001010110011101 3 6529 3 3 103 3 3 109 3
10000000000000000001010110100001 5 17 37 7 11 5 7 83 103
10000000000000000001010110101101 7 5 3 29 43 3 5 7 3
10000000000000000001010111000111 3 41 3 3 859 3 3 11 3
10000000000000000001010111010101 29 5 3 839 79 3 5 5 3
10000000000000000001010111011111 3 5 7 3 191 409 3 127 181
10000000000000000001010111100101 3 13 3 3 19 3 3 7 3
10000000000000000001010111101001 31 5 3 7 821 3 5 4799 3
10000000000000000001010111111011 5 11 7 7 19 5 881 173 61
10000000000000000001010111111101 3 5 23 3 23 1123 3 11 419
10000000000000000001011000010101 3 7 11 3 31 13 3 73 7
10000000000000000001011000011111 11 17 3 37 7229 3 47 109 3
10000000000000000001011000110001 239 5 73 1063 2087 461 5 23 19
10000000000000000001011001010111 3 137 3 3 19 3 3 443 3
10000000000000000001011001011101 3 7 3 3 31 3 3 23 3
10000000000000000001011001100001 11 7 7 139 313 17 7 709 7
10000000000000000001011010000011 29 7 41 2069 269 59 7 11 7
10000000000000000001011010110011 19 5 3 149 47 3 5 97 3
10000000000000000001011011010011 7 83 3 7 13 3 4871 7 3
10000000000000000001011100001111 109 7 3 17 11 3 29 29 3
10000000000000000001011100010001 3 7 13 3 23 17 3 29 7
10000000000000000001011100010111 3 5 3 3 127 3 3 179 3
10000000000000000001011100100111 5 13 3 31 13 3 73 7 3
10000000000000000001011100110101 3 5 3 3 31 3 3 7 3
10000000000000000001011100111111 23 5 41 109 977 13 5 139 23
10000000000000000001011101011001 3 7 3 3 19 3 3 31 3
10000000000000000001011101101001 11 31 3 11 47 3 23 773 3
10000000000000000001011101110001 3 5 3 3 281 3 3 239 3
10000000000000000001011101110111 3 79 4919 3 599 5 3 1163 997
10000000000000000001011101111101 3 7 13 3 31 11 3 73 7
10000000000000000001011110001011 5 43 3 7 19 3 311 17 3
10000000000000000001011110100101 7 13 3 31 43 3 73 7 3
10000000000000000001011111000011 37 53 3 173 173 3 11 197 3
10000000000000000001011111000101 3 11 3 3 11 3 3 47 3
10000000000000000001011111010001 3 29 3 3 17 3 3 227 3
10000000000000000001100000110101 5 7 5101 43 1109 5 7 11 7
10000000000000000001100000111111 5 13 3 31 43 3 23 7 3
10000000000000000001100001001011 277 5 7 2267 541 11 5 11 13
10000000000000000001100001011111 97 5 3 7 13 3 5 19 3
10000000000000000001100001101001 7 5 13 619 41 613 5 7 23
10000000000000000001100001101111 13 199 3 2011 373 3 983 1499 3
10000000000000000001100001110111 7 13 3 31 43 3 73 7 3
10000000000000000001100010101111 3 5 3 3 43 3 3 7 3
10000000000000000001100010111101 7 11 3 13 43 3 47 7 3
10000000000000000001100011100001 1367 5 379 2633 17 13 5 79 193
10000000000000000001100011100111 7 13 3 7 43 3 73 7 3
10000000000000000001100011110101 7 5 3 31 43 3 5 7 3
10000000000000000001100100000111 5 11 13 359 13 5 7 3343 109
10000000000000000001100100010011 19 97 17 7 61 8969 7 29 71
10000000000000000001100100011111 7 13 3 31 43 3 13 7 3
10000000000000000001100100100101 5 37 7 7 11 5 7 19 163
10000000000000000001100100110111 11 397 3 7 3191 3 2089 521 3
10000000000000000001100100111011 7 13 3 31 43 3 73 7 3
10000000000000000001100101010111 3 13 3 3 43 3 3 7 3
10000000000000000001100101011101 3 347 3 3 11 3 3 101 3
10000000000000000001100101100111 23 19 3 17 11 3 19 937 3
10000000000000000001100101110011 7 13 3 31 13 3 37 7 3
10000000000000000001100101110101 3 137 3 3 271 3 3 89 3
10000000000000000001100101111001 11 7 3 43 197 3 13 11 3
10000000000000000001100110001111 7 13 3 11 11 3 43 7 3
10000000000000000001100110010111 53 31 3 1181 227 3 13 163 3
10000000000000000001100110011101 5 13 3 31 43 3 29 7 3
10000000000000000001100110101011 3 13 3 3 43 3 3 7 3
10000000000000000001100110111001 7 5 3 31 43 3 5 7 3
10000000000000000001100111000111 7 5 3 31 17 3 5 7 3
10000000000000000001100111010101 3 13 3 3 43 3 3 7 3
10000000000000000001100111011001 5 31 3 7 19 3 1063 199 3
10000000000000000001100111100011 5 13 3 7 19 3 73 7 3
10000000000000000001100111110001 7 13 3 31 43 3 13 7 3
10000000000000000001101000010011 11 937 463 593 11 239 7 17 41
10000000000000000001101000100101 1723 953 191 311 101 13 7 11 2411
10000000000000000001101000110001 71 101 877 7 9181 761 7 383 29
10000000000000000001101000110111 7 5 3 31 13 3 5 7 3
10000000000000000001101000111011 3 11 3 3 83 3 3 157 3
10000000000000000001101001011101 13 5 3 11 503 3 5 31 3
10000000000000000001101001100001 7 19 11 17 11 163 7 7 17
10000000000000000001101010011011 3 29 3 3 283 3 3 17 3
10000000000000000001101010100111 3 13 3 3 43 3 3 7 3
10000000000000000001101010101101 3 5 3 3 13 3 3 311 3
10000000000000000001101010110101 5 13 3 31 43 3 73 7 3
10000000000000000001101010111001 3 71 3 3 67 3 3 47 3
10000000000000000001101011000001 31 5 7 127 7411 41 5 151 13
10000000000000000001101011000111 631 11 3 73 107 3 11 227 3
10000000000000000001101011001101 241 7 3 19 173 3 443 173 3
10000000000000000001101011100011 3 7 3 3 13 3 3 593 3
10000000000000000001101011101001 3 5 3 3 1571 3 3 23 3
10000000000000000001101011110001 5 487 3 1613 449 3 137 19 3
10000000000000000001101011110111 859 19 71 3181 1879 149 463 29 13
10000000000000000001101100010111 7 13 3 11 43 3 73 7 3
10000000000000000001101100011011 11 19 3 37 11 3 29 419 3
10000000000000000001101100110011 7 11 3 31 43 3 73 7 3
10000000000000000001101101000001 5 1093 43 7 19 5 7 7 167
10000000000000000001101101001011 5 7 3 229 373 3 11 79 3
10000000000000000001101101010011 17 151 3 7 983 3 281 23 3
10000000000000000001101101011111 5 83 41 17 467 5 997 1259 19
10000000000000000001101101110111 353 5 37 7 11 11 5 43 67
10000000000000000001101101111011 13 73 241 601 13 13 37 6481 2383
10000000000000000001101110000111 5 13 3 29 43 3 59 7 3
10000000000000000001101110010101 7 13 3 31 19 3 13 7 3
10000000000000000001101110011001 19 5 3 89 13 3 5 29 3
10000000000000000001101110100011 3 13 3 3 23 3 3 7 3
10000000000000000001101110110001 7 13 3 31 29 3 73 7 3
10000000000000000001101111000101 643 5 3 41 373 3 5 19 3
10000000000000000001101111011011 7 7 19 257 563 41 13 7 7
10000000000000000001101111101011 3 19 31 3 67 5 3 179 23
10000000000000000001110000000001 2243 5 191 709 5 41 5 31 7
10000000000000000001110000001101 11 1423 37 11 17 523 7 113 59
10000000000000000001110000010011 5 7 11 101 13 5 7 7 7
10000000000000000001110000100011 11 17 13 17 11 277 7 2953 19
10000000000000000001110000101111 7 13 3 31 43 3 53 7 3
10000000000000000001110000111101 7 5 3 31 43 3 5 7 3
10000000000000000001110001001001 1109 7 7 103 2039 23 7 991 7
10000000000000000001110001100111 7 11 3 31 43 3 73 7 3
10000000000000000001110001110011 31 449 3 29 59 3 101 31 3
10000000000000000001110001110101 3 13 3 3 11 3 3 7 3
10000000000000000001110001111001 379 5 3 691 17 3 5 1373 3
10000000000000000001110001111111 13 7 113 19 3631 29 1277 11 7
10000000000000000001110010001111 47 7 3 67 137 3 17 11 3
10000000000000000001110010101101 7 13 3 31 29 3 73 7 3
10000000000000000001110010110011 5 6361 3 11 17 3 83 727 3
10000000000000000001110011001101 13 29 3 7 241 3 307 11 3
10000000000000000001110011010011 11 5 3 193 509 3 5 239 3
10000000000000000001110011100101 5 13 3 31 17 3 59 7 3
10000000000000000001110011110001 89 5 3 11 67 3 5 619 3
10000000000000000001110100001111 7 5 3 31 43 3 5 7 3
10000000000000000001110100010001 3 599 37 3 71 11 3 8963 17
10000000000000000001110100010111 3 347 3 3 13 3 3 1427 3
10000000000000000001110100011011 13 17 3 41 23 3 13 11 3
10000000000000000001110100011101 3 7 3 3 31 3 3 7 3
10000000000000000001110100101011 5 13 3 31 11 3 73 7 3
10000000000000000001110100101101 23 5 3 733 157 3 5 1129 3
10000000000000000001110100110101 3 31 3 3 23 3 3 17 3
10000000000000000001110100111001 7 13 3 11 43 3 13 7 3
10000000000000000001110101000111 3 13 3 3 43 3 3 7 3
10000000000000000001110101010101 7 5 3 31 43 3 5 5 3
10000000000000000001110101011111 3 5 31 3 17 31 3 53 1823
10000000000000000001110101100011 7 13 3 31 43 3 73 7 3
10000000000000000001110101110001 3 13 3 3 43 3 3 7 3
10000000000000000001110101111011 5 7 73 71 2141 5 29 839 7
10000000000000000001110110001101 7 13 3 31 13 3 61 7 3
10000000000000000001110110101001 7 13 3 13 43 3 73 7 3
10000000000000000001110110111011 53 11 691 79 79 23 13 37 67
10000000000000000001110111000101 3 13 3 3 43 3 3 7 3
10000000000000000001110111100001 7 5 3 19 11 3 5 7 3
10000000000000000001111000100111 7 13 3 11 43 3 17 7 3
10000000000000000001111000101011 3 23 3 3 61 3 3 283 3
10000000000000000001111000110011 11 5 3 7 11 3 5 11 3
10000000000000000001111000110101 7 13 3 31 43 3 31 7 3
10000000000000000001111001110001 29 4523 3 131 13 3 193 11 3
10000000000000000001111010000001 317 5 23 19 61 61 5 11 53
10000000000000000001111010001011 3 5 3 3 1129 3 3 167 3
10000000000000000001111010100101 7 13 3 31 43 3 11 7 3
10000000000000000001111100000111 7 13 3 31 43 3 73 7 3
10000000000000000001111100010101 3 7 3 3 31 3 3 7 3
10000000000000000001111100100011 7 5 3 31 43 3 5 7 3
10000000000000000001111100101001 5 6959 3 11 379 3 11 53 3
10000000000000000001111100101111 71 11 37 19 23 151 659 17 233
10000000000000000001111100110001 7 13 3 29 43 3 73 7 3
10000000000000000001111101000011 1069 1283 3 7 683 3 17 6551 3
10000000000000000001111101010001 3 11 3 3 2161 3 3 37 3
10000000000000000001111101011101 3 5 13 3 31 43 3 73 7
10000000000000000001111110000011 5 7 3 6007 347 3 251 17 3
10000000000000000001111110000101 7 5 3 31 43 3 5 7 3
10000000000000000001111110010001 37 23 3 1039 101 3 13 31 3
10000000000000000001111110010111 5 19 11 1789 23 5 6823 1493 31
10000000000000000001111110100001 5 13 3 31 17 3 73 7 3
10000000000000000001111111000001 19 5 3 7 467 3 5 53 3
10000000000000000001111111011111 23 5 97 827 601 71 5 11 23
10000000000000000010000000010101 31 11 11 11 5 2801 31 11 19
10000000000000000010000000011001 5 751 7 163 5 5 1093 29 419
10000000000000000010000000110111 5 7 7 17 229 5 7 547 7
10000000000000000010000001001111 569 257 19 1597 433 41 7 409 61