Case #1:
1000000000000101 13 11 3 4751 173 3 53 109 3
1000000000001001 73 5 3 19 19 3 5 19 3
1000000000101011 3 7 13 3 5 43 3 73 7
1000000001010101 3 7 13 3 5 17 3 53 7
1000000001011001 11 5 281 101 5 67 5 13 19
1000000001011111 59 113 7 157 19 1399 7 43 107
1000000001111011 31 557 7 19 23 1129 7 5441 241
1000000010011001 7 1667 179 13 5 11 23 7 311
1000000010100011 3 1259 421 3 5 8893 3 67 17
1000000010101001 3 5 13 3 5 43 3 73 7
1000000010111011 3 7 13 3 31 5 3 73 7
1000000011111001 137 5 7 113 83 467 5 2129 17
1000000100011111 5 823 337 7 61 5 7 563 857
1000000100100011 13 5 19 61 5 439 5 743 89
1000000101000101 3 127 7 3 5 1783 3 641 59
1000000101010001 3 7 13 3 5 5 3 73 7
1000000101110101 3 7 13 3 31 43 3 73 7
1000000101111001 5 2447 103 43 17 5 7 7 41
1000000110111111 5 13 3 19 19 3 11 7 3
1000000111011001 13 127 7 13 11 103 7 19 499
1000000111110111 7 13 3 23 43 3 71 7 3
1000000111111101 107 5 3 83 4957 3 5 23 3
1000001000001011 3 17 67 3 5 13 3 13 1301
1000001000001101 13 7 5531 17 5 17 11 7001 7
1000001000010011 7 5 163 37 5 23 5 7 17
1000001000100011 3 7 13 3 5 5 3 19 7
1000001000110111 5 17 953 7607 17 5 7 37 349
1000001001011101 23 17 239 41 3001 11 7 23 23
1000001001100111 7 5 1609 59 5101 2161 5 7 23
1000001001101011 3 7 13 3 31 43 3 47 7
1000001001111001 127 1093 11 37 11 29 7 547 239
1000001010100001 3 7 11 3 5 43 3 73 7
1000001010101011 11 61 5 521 11 11 7 5 29
1000001010110011 3 5 13 3 29 37 3 73 7
1000001011001101 5 19 647 79 17 5 7 29 929
1000001011101001 3 7 13 3 31 17 3 73 7
1000001011111011 3 7 3 3 31 3 3 43 3
1000001100010001 13 73 61 109 5 13 37 6481 23
1000001100100111 5 701 2591 2267 19 5 7 277 67
1000001100111001 7 29 109 7 283 109 7 7 103
1000001101110111 5 19 3 19 103 3 137 179 3
1000001110010011 13 37 241 149 13 11 7 6481 53
1000001110011001 59 7 7 19 173 17 7 11 7
1000001110101111 3 1531 3 3 167 3 3 7703 3
1000001110110111 7 5 3 31 43 3 5 7 3
1000001111000101 7 7 137 181 11 17 7 7 7
1000001111010001 5 397 7 191 577 5 7 29 19
1000001111101011 3 983 3 3 13 3 3 17 3
1000001111110011 17 5 3 173 11 3 5 19 3
1000010000110001 43 23 71 7 5 2137 8059 137 29
